This is pdfTeX, Version 3.141592653-2.6-1.40.23 (TeX Live 2021/W32TeX) (preloaded format=pdflatex 2022.3.10)  20 MAR 2022 19:12
entering extended mode
 restricted \write18 enabled.
 file:line:error style messages enabled.
 %&-line parsing enabled.
**c:/Users/buikr/Desktop/ProjLab/docs/projlablatex_0/projlab.tex
(c:/Users/buikr/Desktop/ProjLab/docs/projlablatex_0/projlab.tex
LaTeX2e <2021-11-15> patch level 1
L3 programming layer <2022-02-24> (c:/texlive/2021/texmf-dist/tex/latex/base/book.cls
Document Class: book 2021/10/04 v1.4n Standard LaTeX document class
(c:/texlive/2021/texmf-dist/tex/latex/base/bk12.clo
File: bk12.clo 2021/10/04 v1.4n Standard LaTeX file (size option)
)
\c@part=\count185
\c@chapter=\count186
\c@section=\count187
\c@subsection=\count188
\c@subsubsection=\count189
\c@paragraph=\count190
\c@subparagraph=\count191
\c@figure=\count192
\c@table=\count193
\abovecaptionskip=\skip47
\belowcaptionskip=\skip48
\bibindent=\dimen138
) (c:/texlive/2021/texmf-dist/tex/latex/geometry/geometry.sty
Package: geometry 2020/01/02 v5.9 Page Geometry
 (c:/texlive/2021/texmf-dist/tex/latex/graphics/keyval.sty
Package: keyval 2014/10/28 v1.15 key=value parser (DPC)
\KV@toks@=\toks16
) (c:/texlive/2021/texmf-dist/tex/generic/iftex/ifvtex.sty
Package: ifvtex 2019/10/25 v1.7 ifvtex legacy package. Use iftex instead.
 (c:/texlive/2021/texmf-dist/tex/generic/iftex/iftex.sty
Package: iftex 2022/02/03 v1.0f TeX engine tests
))
\Gm@cnth=\count194
\Gm@cntv=\count195
\c@Gm@tempcnt=\count196
\Gm@bindingoffset=\dimen139
\Gm@wd@mp=\dimen140
\Gm@odd@mp=\dimen141
\Gm@even@mp=\dimen142
\Gm@layoutwidth=\dimen143
\Gm@layoutheight=\dimen144
\Gm@layouthoffset=\dimen145
\Gm@layoutvoffset=\dimen146
\Gm@dimlist=\toks17
) (c:/texlive/2021/texmf-dist/tex/latex/base/inputenc.sty
Package: inputenc 2021/02/14 v1.3d Input encoding file
\inpenc@prehook=\toks18
\inpenc@posthook=\toks19
) (c:/texlive/2021/texmf-dist/tex/generic/babel/babel.sty
Package: babel 2022/02/26 3.73 The Babel package
\babel@savecnt=\count197
\U@D=\dimen147
\l@unhyphenated=\language87
 (c:/texlive/2021/texmf-dist/tex/generic/babel/txtbabel.def)
\bbl@readstream=\read2
\bbl@dirlevel=\count198
 (c:/texlive/2021/texmf-dist/tex/generic/babel-hungarian/magyar.ldf
Language: magyar 2019/01/14 v1.5c Magyar (Hungarian) support for babel
Package babel Info: Making ` an active character on input line 2819.
\c@footnote@add=\count199
\c@footnote@ch=\count266
)) (c:/texlive/2021/texmf-dist/tex/latex/hyperref/hyperref.sty
Package: hyperref 2022-02-21 v7.00n Hypertext links for LaTeX
 (c:/texlive/2021/texmf-dist/tex/generic/ltxcmds/ltxcmds.sty
Package: ltxcmds 2020-05-10 v1.25 LaTeX kernel projlab.commands for general use (HO)
) (c:/texlive/2021/texmf-dist/tex/generic/pdftexcmds/pdftexcmds.sty
Package: pdftexcmds 2020-06-27 v0.33 Utility functions of pdfTeX for LuaTeX (HO)
 (c:/texlive/2021/texmf-dist/tex/generic/infwarerr/infwarerr.sty
Package: infwarerr 2019/12/03 v1.5 Providing info/warning/error messages (HO)
)
Package pdftexcmds Info: \pdf@primitive is available.
Package pdftexcmds Info: \pdf@ifprimitive is available.
Package pdftexcmds Info: \pdfdraftmode found.
) (c:/texlive/2021/texmf-dist/tex/generic/kvsetkeys/kvsetkeys.sty
Package: kvsetkeys 2019/12/15 v1.18 Key value parser (HO)
) (c:/texlive/2021/texmf-dist/tex/generic/kvdefinekeys/kvdefinekeys.sty
Package: kvdefinekeys 2019-12-19 v1.6 Define keys (HO)
) (c:/texlive/2021/texmf-dist/tex/generic/pdfescape/pdfescape.sty
Package: pdfescape 2019/12/09 v1.15 Implements pdfTeX's escape features (HO)
) (c:/texlive/2021/texmf-dist/tex/latex/hycolor/hycolor.sty
Package: hycolor 2020-01-27 v1.10 Color options for hyperref/bookmark (HO)
) (c:/texlive/2021/texmf-dist/tex/latex/letltxmacro/letltxmacro.sty
Package: letltxmacro 2019/12/03 v1.6 Let assignment for LaTeX macros (HO)
) (c:/texlive/2021/texmf-dist/tex/latex/auxhook/auxhook.sty
Package: auxhook 2019-12-17 v1.6 Hooks for auxiliary files (HO)
) (c:/texlive/2021/texmf-dist/tex/latex/kvoptions/kvoptions.sty
Package: kvoptions 2020-10-07 v3.14 Key value format for package options (HO)
)
\@linkdim=\dimen148
\Hy@linkcounter=\count267
\Hy@pagecounter=\count268
 (c:/texlive/2021/texmf-dist/tex/latex/hyperref/pd1enc.def
File: pd1enc.def 2022-02-21 v7.00n Hyperref: PDFDocEncoding definition (HO)
Now handling font encoding PD1 ...
... no UTF-8 mapping file for font encoding PD1
) (c:/texlive/2021/texmf-dist/tex/generic/intcalc/intcalc.sty
Package: intcalc 2019/12/15 v1.3 Expandable calculations with integers (HO)
) (c:/texlive/2021/texmf-dist/tex/generic/etexcmds/etexcmds.sty
Package: etexcmds 2019/12/15 v1.7 Avoid name clashes with e-TeX projlab.commands (HO)
)
\Hy@SavedSpaceFactor=\count269
 (c:/texlive/2021/texmf-dist/tex/latex/hyperref/puenc.def
File: puenc.def 2022-02-21 v7.00n Hyperref: PDF Unicode definition (HO)
Now handling font encoding PU ...
... no UTF-8 mapping file for font encoding PU
)
Package hyperref Info: Hyper figures OFF on input line 4137.
Package hyperref Info: Link nesting OFF on input line 4142.
Package hyperref Info: Hyper index ON on input line 4145.
Package hyperref Info: Plain pages OFF on input line 4152.
Package hyperref Info: Backreferencing OFF on input line 4157.
Package hyperref Info: Implicit mode ON; LaTeX internals redefined.
Package hyperref Info: Bookmarks ON on input line 4390.
\c@Hy@tempcnt=\count270
 (c:/texlive/2021/texmf-dist/tex/latex/url/url.sty
\Urlmuskip=\muskip16
Package: url 2013/09/16  ver 3.4  Verb mode for urls, etc.
)
LaTeX Info: Redefining \url on input line 4749.
\XeTeXLinkMargin=\dimen149
 (c:/texlive/2021/texmf-dist/tex/generic/bitset/bitset.sty
Package: bitset 2019/12/09 v1.3 Handle bit-vector datatype (HO)
 (c:/texlive/2021/texmf-dist/tex/generic/bigintcalc/bigintcalc.sty
Package: bigintcalc 2019/12/15 v1.5 Expandable calculations on big integers (HO)
))
\Fld@menulength=\count271
\Field@Width=\dimen150
\Fld@charsize=\dimen151
Package hyperref Info: Hyper figures OFF on input line 6027.
Package hyperref Info: Link nesting OFF on input line 6032.
Package hyperref Info: Hyper index ON on input line 6035.
Package hyperref Info: backreferencing OFF on input line 6042.
Package hyperref Info: Link coloring OFF on input line 6047.
Package hyperref Info: Link coloring with OCG OFF on input line 6052.
Package hyperref Info: PDF/A mode OFF on input line 6057.
LaTeX Info: Redefining \ref on input line 6097.
LaTeX Info: Redefining \pageref on input line 6101.
 (c:/texlive/2021/texmf-dist/tex/latex/base/atbegshi-ltx.sty
Package: atbegshi-ltx 2021/01/10 v1.0c Emulation of the original atbegshi
package with kernel methods
)
\Hy@abspage=\count272
\c@Item=\count273
\c@Hfootnote=\count274
)
Package hyperref Info: Driver (autodetected): hpdftex.
 (c:/texlive/2021/texmf-dist/tex/latex/hyperref/hpdftex.def
File: hpdftex.def 2022-02-21 v7.00n Hyperref driver for pdfTeX
 (c:/texlive/2021/texmf-dist/tex/latex/base/atveryend-ltx.sty
Package: atveryend-ltx 2020/08/19 v1.0a Emulation of the original atveryend package
with kernel methods
)
\Fld@listcount=\count275
\c@bookmark@seq@number=\count276
 (c:/texlive/2021/texmf-dist/tex/latex/rerunfilecheck/rerunfilecheck.sty
Package: rerunfilecheck 2019/12/05 v1.9 Rerun checks for auxiliary files (HO)
 (c:/texlive/2021/texmf-dist/tex/generic/uniquecounter/uniquecounter.sty
Package: uniquecounter 2019/12/15 v1.4 Provide unlimited unique counter (HO)
)
Package uniquecounter Info: New unique counter `rerunfilecheck' on input line 286.
)
\Hy@SectionHShift=\skip49
) (c:/texlive/2021/texmf-dist/tex/latex/graphics/graphicx.sty
Package: graphicx 2021/09/16 v1.2d Enhanced LaTeX Graphics (DPC,SPQR)
 (c:/texlive/2021/texmf-dist/tex/latex/graphics/graphics.sty
Package: graphics 2021/03/04 v1.4d Standard LaTeX Graphics (DPC,SPQR)
 (c:/texlive/2021/texmf-dist/tex/latex/graphics/trig.sty
Package: trig 2021/08/11 v1.11 sin cos tan (DPC)
) (c:/texlive/2021/texmf-dist/tex/latex/graphics-cfg/graphics.cfg
File: graphics.cfg 2016/06/04 v1.11 sample graphics configuration
)
Package graphics Info: Driver file: pdftex.def on input line 107.
 (c:/texlive/2021/texmf-dist/tex/latex/graphics-def/pdftex.def
File: pdftex.def 2020/10/05 v1.2a Graphics/color driver for pdftex
))
\Gin@req@height=\dimen152
\Gin@req@width=\dimen153
) (c:/texlive/2021/texmf-dist/tex/latex/comment/comment.sty
\CommentStream=\write3
 Excluding comment 'comment') (c:/texlive/2021/texmf-dist/tex/latex/amscls/amsthm.sty
Package: amsthm 2020/05/29 v2.20.6
\thm@style=\toks20
\thm@bodyfont=\toks21
\thm@headfont=\toks22
\thm@notefont=\toks23
\thm@headpunct=\toks24
\thm@preskip=\skip50
\thm@postskip=\skip51
\thm@headsep=\skip52
\dth@everypar=\toks25
) (c:/texlive/2021/texmf-dist/tex/latex/mnsymbol/MnSymbol.sty
Package: MnSymbol 2007/01/21 v1.4 support for the MnSymbol font
 (c:/texlive/2021/texmf-dist/tex/latex/amsmath/amsmath.sty
Package: amsmath 2021/10/15 v2.17l AMS math features
\@mathmargin=\skip53

For additional information on amsmath, use the `?' option.
(c:/texlive/2021/texmf-dist/tex/latex/amsmath/amstext.sty
Package: amstext 2021/08/26 v2.01 AMS text
 (c:/texlive/2021/texmf-dist/tex/latex/amsmath/amsgen.sty
File: amsgen.sty 1999/11/30 v2.0 generic functions
\@emptytoks=\toks26
\ex@=\dimen154
)) (c:/texlive/2021/texmf-dist/tex/latex/amsmath/amsbsy.sty
Package: amsbsy 1999/11/29 v1.2d Bold Symbols
\pmbraise@=\dimen155
) (c:/texlive/2021/texmf-dist/tex/latex/amsmath/amsopn.sty
Package: amsopn 2021/08/26 v2.02 operator names
)
\inf@bad=\count277
LaTeX Info: Redefining \frac on input line 234.
\uproot@=\count278
\leftroot@=\count279
LaTeX Info: Redefining \overline on input line 399.
\classnum@=\count280
\DOTSCASE@=\count281
LaTeX Info: Redefining \ldots on input line 496.
LaTeX Info: Redefining \dots on input line 499.
LaTeX Info: Redefining \cdots on input line 620.
\Mathstrutbox@=\box50
\strutbox@=\box51
\big@size=\dimen156
LaTeX Font Info:    Redeclaring font encoding OML on input line 743.
LaTeX Font Info:    Redeclaring font encoding OMS on input line 744.
\macc@depth=\count282
\c@MaxMatrixCols=\count283
\dotsspace@=\muskip17
\c@parentequation=\count284
\dspbrk@lvl=\count285
\tag@help=\toks27
\row@=\count286
\column@=\count287
\maxfields@=\count288
\andhelp@=\toks28
\eqnshift@=\dimen157
\alignsep@=\dimen158
\tagshift@=\dimen159
\tagwidth@=\dimen160
\totwidth@=\dimen161
\lineht@=\dimen162
\@envbody=\toks29
\multlinegap=\skip54
\multlinetaggap=\skip55
\mathdisplay@stack=\toks30
LaTeX Info: Redefining \[ on input line 2938.
LaTeX Info: Redefining \] on input line 2939.
) (c:/texlive/2021/texmf-dist/tex/latex/base/textcomp.sty
Package: textcomp 2020/02/02 v2.0n Standard LaTeX package
) (c:/texlive/2021/texmf-dist/tex/latex/amsfonts/eufrak.sty
Package: eufrak 2009/06/22 v3.00 Euler Fraktur fonts
LaTeX Font Info:    Overwriting math alphabet `\EuFrak' in version `bold'
(Font)                  U/euf/m/n --> U/euf/b/n on input line 39.
)
LaTeX Info: Redefining \dagger on input line 84.
LaTeX Info: Redefining \ddagger on input line 84.
LaTeX Info: Redefining \mathparagraph on input line 84.
LaTeX Info: Redefining \mathsection on input line 84.
LaTeX Info: Redefining \mathdollar on input line 84.
LaTeX Info: Redefining \mathsterling on input line 84.
LaTeX Info: Redefining \Re on input line 84.
LaTeX Info: Redefining \Im on input line 84.
\symMnSyA=\mathgroup4
\symMnSyB=\mathgroup5
\symMnSyC=\mathgroup6
\symMnSyD=\mathgroup7
LaTeX Font Info:    Redeclaring symbol font `largesymbols' on input line 119.
LaTeX Font Info:    Overwriting symbol font `largesymbols' in version `normal'
(Font)                  OMX/cmex/m/n --> OMX/MnSymbolE/m/n on input line 119.
LaTeX Font Info:    Overwriting symbol font `largesymbols' in version `bold'
(Font)                  OMX/cmex/m/n --> OMX/MnSymbolE/m/n on input line 119.
LaTeX Font Info:    Redeclaring symbol font `symbols' on input line 120.
LaTeX Font Info:    Encoding `OMS' has changed to `U' for symbol font
(Font)              `symbols' in the math version `normal' on input line 120.
LaTeX Font Info:    Overwriting symbol font `symbols' in version `normal'
(Font)                  OMS/cmsy/m/n --> U/MnSymbolF/m/n on input line 120.
LaTeX Font Info:    Encoding `OMS' has changed to `U' for symbol font
(Font)              `symbols' in the math version `bold' on input line 120.
LaTeX Font Info:    Overwriting symbol font `symbols' in version `bold'
(Font)                  OMS/cmsy/b/n --> U/MnSymbolF/m/n on input line 120.
LaTeX Font Info:    Overwriting symbol font `MnSyA' in version `bold'
(Font)                  U/MnSymbolA/m/n --> U/MnSymbolA/b/n on input line 121.
LaTeX Font Info:    Overwriting symbol font `MnSyB' in version `bold'
(Font)                  U/MnSymbolB/m/n --> U/MnSymbolB/b/n on input line 122.
LaTeX Font Info:    Overwriting symbol font `MnSyC' in version `bold'
(Font)                  U/MnSymbolC/m/n --> U/MnSymbolC/b/n on input line 123.
LaTeX Font Info:    Overwriting symbol font `MnSyD' in version `bold'
(Font)                  U/MnSymbolD/m/n --> U/MnSymbolD/b/n on input line 124.
LaTeX Font Info:    Overwriting symbol font `largesymbols' in version `bold'
(Font)                  OMX/MnSymbolE/m/n --> OMX/MnSymbolE/b/n on input line 125.
LaTeX Font Info:    Overwriting symbol font `symbols' in version `bold'
(Font)                  U/MnSymbolF/m/n --> U/MnSymbolF/b/n on input line 126.
LaTeX Font Info:    Redeclaring math alphabet \mathcal on input line 241.
LaTeX Font Info:    Overwriting math alphabet `\mathcal' in version `bold'
(Font)                  OMS/MnSymbolS/m/n --> OMS/MnSymbolS/b/n on input line 241.
LaTeX Info: Redefining \longrightarrow on input line 548.
LaTeX Info: Redefining \longleftarrow on input line 549.
LaTeX Info: Redefining \longleftrightarrow on input line 550.
LaTeX Info: Redefining \Longrightarrow on input line 551.
LaTeX Info: Redefining \Longleftarrow on input line 552.
LaTeX Info: Redefining \Longleftrightarrow on input line 553.
LaTeX Info: Redefining \longmapsto on input line 554.
LaTeX Info: Redefining \vdots on input line 868.
LaTeX Font Info:    Redeclaring math symbol \braceld on input line 1721.
LaTeX Font Info:    Redeclaring math symbol \bracelu on input line 1722.
LaTeX Font Info:    Redeclaring math symbol \bracerd on input line 1723.
LaTeX Font Info:    Redeclaring math symbol \braceru on input line 1724.
LaTeX Info: Redefining \downbracefill on input line 1799.
LaTeX Info: Redefining \upbracefill on input line 1800.
LaTeX Info: Redefining \overbrace on input line 1819.
LaTeX Info: Redefining \underbrace on input line 1820.
LaTeX Info: Redefining \surd on input line 1843.
LaTeX Font Info:    Redeclaring math accent \widehat on input line 1845.
LaTeX Font Info:    Redeclaring math accent \widetilde on input line 1846.
LaTeX Font Info:    Redeclaring math accent \vec on input line 1848.
) (c:/texlive/2021/texmf-dist/tex/latex/wasysym/wasysym.sty
Package: wasysym 2020/01/19 v2.4 Wasy-2 symbol support package
\symwasy=\mathgroup8
LaTeX Font Info:    Overwriting symbol font `wasy' in version `bold'
(Font)                  U/wasy/m/n --> U/wasy/b/n on input line 93.
LaTeX Font Info:    Redeclaring math symbol \invneg on input line 242.
) (c:/texlive/2021/texmf-dist/tex/latex/fancyhdr/fancyhdr.sty
Package: fancyhdr 2021/01/28 v4.0.1 Extensive control of page headers and footers
\f@nch@headwidth=\skip56
\f@nch@O@elh=\skip57
\f@nch@O@erh=\skip58
\f@nch@O@olh=\skip59
\f@nch@O@orh=\skip60
\f@nch@O@elf=\skip61
\f@nch@O@erf=\skip62
\f@nch@O@olf=\skip63
\f@nch@O@orf=\skip64
) (c:/texlive/2021/texmf-dist/tex/latex/tools/longtable.sty
Package: longtable 2021-09-01 v4.17 Multi-page Table package (DPC)
\LTleft=\skip65
\LTright=\skip66
\LTpre=\skip67
\LTpost=\skip68
\LTchunksize=\count289
\LTcapwidth=\dimen163
\LT@head=\box52
\LT@firsthead=\box53
\LT@foot=\box54
\LT@lastfoot=\box55
\LT@gbox=\box56
\LT@cols=\count290
\LT@rows=\count291
\c@LT@tables=\count292
\c@LT@chunks=\count293
\LT@p@ftn=\toks31
) (c:/texlive/2021/texmf-dist/tex/latex/changepage/changepage.sty
Package: changepage 2009/10/20 v1.0c check page and change page layout
\c@cp@cntr=\count294
\cp@tempcnt=\count295
) (c:/texlive/2021/texmf-dist/tex/latex/xcolor/xcolor.sty
Package: xcolor 2021/10/31 v2.13 LaTeX color extensions (UK)
 (c:/texlive/2021/texmf-dist/tex/latex/graphics-cfg/color.cfg
File: color.cfg 2016/01/02 v1.6 sample color configuration
)
Package xcolor Info: Driver file: pdftex.def on input line 227.
Package xcolor Info: Model `cmy' substituted by `cmy0' on input line 1352.
Package xcolor Info: Model `hsb' substituted by `rgb' on input line 1356.
Package xcolor Info: Model `RGB' extended on input line 1368.
Package xcolor Info: Model `HTML' substituted by `rgb' on input line 1370.
Package xcolor Info: Model `Hsb' substituted by `hsb' on input line 1371.
Package xcolor Info: Model `tHsb' substituted by `hsb' on input line 1372.
Package xcolor Info: Model `HSB' substituted by `hsb' on input line 1373.
Package xcolor Info: Model `Gray' substituted by `gray' on input line 1374.
Package xcolor Info: Model `wave' substituted by `hsb' on input line 1375.
) (c:/texlive/2021/texmf-dist/tex/latex/algorithmicx/algorithmicx.sty
Package: algorithmicx 2005/04/27 v1.2 Algorithmicx
 (c:/texlive/2021/texmf-dist/tex/latex/base/ifthen.sty
Package: ifthen 2020/11/24 v1.1c Standard LaTeX ifthen package (DPC)
)
Document Style algorithmicx 1.2 - a greatly improved `algorithmic' style
\c@ALG@line=\count296
\c@ALG@rem=\count297
\c@ALG@nested=\count298
\ALG@tlm=\skip69
\ALG@thistlm=\skip70
\c@ALG@Lnr=\count299
\c@ALG@blocknr=\count300
\c@ALG@storecount=\count301
\c@ALG@tmpcounter=\count302
\ALG@tmplength=\skip71
) (c:/texlive/2021/texmf-dist/tex/latex/listings/listings.sty
\lst@mode=\count303
\lst@gtempboxa=\box57
\lst@token=\toks32
\lst@length=\count304
\lst@currlwidth=\dimen164
\lst@column=\count305
\lst@pos=\count306
\lst@lostspace=\dimen165
\lst@width=\dimen166
\lst@newlines=\count307
\lst@lineno=\count308
\lst@maxwidth=\dimen167
 (c:/texlive/2021/texmf-dist/tex/latex/listings/lstmisc.sty
File: lstmisc.sty 2020/03/24 1.8d (Carsten Heinz)
\c@lstnumber=\count309
\lst@skipnumbers=\count310
\lst@framebox=\box58
) (c:/texlive/2021/texmf-dist/tex/latex/listings/listings.cfg
File: listings.cfg 2020/03/24 1.8d listings configuration
))
Package: listings 2020/03/24 1.8d (Carsten Heinz)
 (c:/texlive/2021/texmf-dist/tex/latex/l3backend/l3backend-pdftex.def
File: l3backend-pdftex.def 2022-02-07 L3 backend support: PDF output (pdfTeX)
\l__color_backend_stack_int=\count311
\l__pdf_internal_box=\box59
) (./projlab.aux)
\openout1 = `projlab.aux'.

LaTeX Font Info:    Checking defaults for OML/cmm/m/it on input line 34.
LaTeX Font Info:    ... okay on input line 34.
LaTeX Font Info:    Checking defaults for OMS/cmsy/m/n on input line 34.
LaTeX Font Info:    ... okay on input line 34.
LaTeX Font Info:    Checking defaults for OT1/cmr/m/n on input line 34.
LaTeX Font Info:    ... okay on input line 34.
LaTeX Font Info:    Checking defaults for T1/cmr/m/n on input line 34.
LaTeX Font Info:    ... okay on input line 34.
LaTeX Font Info:    Checking defaults for TS1/cmr/m/n on input line 34.
LaTeX Font Info:    ... okay on input line 34.
LaTeX Font Info:    Checking defaults for OMX/cmex/m/n on input line 34.
LaTeX Font Info:    ... okay on input line 34.
LaTeX Font Info:    Checking defaults for U/cmr/m/n on input line 34.
LaTeX Font Info:    ... okay on input line 34.
LaTeX Font Info:    Checking defaults for PD1/pdf/m/n on input line 34.
LaTeX Font Info:    ... okay on input line 34.
LaTeX Font Info:    Checking defaults for PU/pdf/m/n on input line 34.
LaTeX Font Info:    ... okay on input line 34.

*geometry* driver: auto-detecting
*geometry* detected driver: pdftex
*geometry* verbose mode - [ preamble ] result:
* driver: pdftex
* paper: a4paper
* layout: <same size as paper>
* layoutoffset:(h,v)=(0.0pt,0.0pt)
* modes: twoside 
* h-part:(L,W,R)=(72.26999pt, 452.9679pt, 72.26999pt)
* v-part:(T,H,B)=(72.26999pt, 700.50687pt, 72.26999pt)
* \paperwidth=597.50787pt
* \paperheight=845.04684pt
* \textwidth=452.9679pt
* \textheight=700.50687pt
* \oddsidemargin=0.0pt
* \evensidemargin=0.0pt
* \topmargin=-31.8738pt
* \headheight=12.0pt
* \headsep=19.8738pt
* \topskip=12.0pt
* \footskip=30.0pt
* \marginparwidth=88.0pt
* \marginparsep=7.0pt
* \columnsep=10.0pt
* \skip\footins=10.8pt plus 4.0pt minus 2.0pt
* \hoffset=0.0pt
* \voffset=0.0pt
* \mag=1000
* \@twocolumnfalse
* \@twosidetrue
* \@mparswitchtrue
* \@reversemarginfalse
* (1in=72.27pt=25.4mm, 1cm=28.453pt)


LaTeX Warning: Please use \usepackage{t1enc} with
               \usepackage[magyar]{babel}, to get accented chars hyphenated.

Package hyperref Info: Link coloring OFF on input line 34.
(c:/texlive/2021/texmf-dist/tex/latex/hyperref/nameref.sty
Package: nameref 2021-04-02 v2.47 Cross-referencing by name of section
 (c:/texlive/2021/texmf-dist/tex/latex/refcount/refcount.sty
Package: refcount 2019/12/15 v3.6 Data extraction from label references (HO)
) (c:/texlive/2021/texmf-dist/tex/generic/gettitlestring/gettitlestring.sty
Package: gettitlestring 2019/12/15 v1.6 Cleanup title references (HO)
)
\c@section@level=\count312
)
LaTeX Info: Redefining \ref on input line 34.
LaTeX Info: Redefining \pageref on input line 34.
LaTeX Info: Redefining \nameref on input line 34.
 (./projlab.out) (./projlab.out)
\@outlinefile=\write4
\openout4 = `projlab.out'.

 (c:/texlive/2021/texmf-dist/tex/context/base/mkii/supp-pdf.mkii
[Loading MPS to PDF converter (version 2006.09.02).]
\scratchcounter=\count313
\scratchdimen=\dimen168
\scratchbox=\box60
\nofMPsegments=\count314
\nofMParguments=\count315
\everyMPshowfont=\toks33
\MPscratchCnt=\count316
\MPscratchDim=\dimen169
\MPnumerator=\count317
\makeMPintoPDFobject=\count318
\everyMPtoPDFconversion=\toks34
) (c:/texlive/2021/texmf-dist/tex/latex/epstopdf-pkg/epstopdf-base.sty
Package: epstopdf-base 2020-01-24 v2.11 Base part for package epstopdf
Package epstopdf-base Info: Redefining graphics rule for `.eps' on input line 485.
 (c:/texlive/2021/texmf-dist/tex/latex/latexconfig/epstopdf-sys.cfg
File: epstopdf-sys.cfg 2010/07/13 v1.3 Configuration of (r)epstopdf for TeX Live
))
\c@lstlisting=\count319
 (c:/texlive/2021/texmf-dist/tex/latex/base/book.cls
LaTeX Info: Redefining \cal on input line 583.
LaTeX Info: Redefining \mit on input line 584.
)
<docs/img/BMElogo.png, id=28, 975.645pt x 273.02pt>
File: docs/img/BMElogo.png Graphic file (type png)
<use docs/img/BMElogo.png>
Package pdftex.def Info: docs/img/BMElogo.png  used on input line 37.
(pdftex.def)             Requested size: 142.26378pt x 39.80975pt.
LaTeX Font Info:    Trying to load font information for U+wasy on input line 58.
 (c:/texlive/2021/texmf-dist/tex/latex/wasysym/uwasy.fd
File: uwasy.fd 2020/01/19 v2.4 Wasy-2 symbol font definitions
) [1



{c:/texlive/2021/texmf-var/fonts/map/pdftex/updmap/pdftex.map} <./docs/img/BMElogo.png>] (./definitions.tex
\c@defi=\count320
\c@rov=\count321
) (./docs/bead05/05doc.tex

Package fancyhdr Warning: \headheight is too small (12.0pt): 
(fancyhdr)                Make it at least 14.49998pt, for example:
(fancyhdr)                \setlength{\headheight}{14.49998pt}.
(fancyhdr)                You might also make \topmargin smaller to compensate:
(fancyhdr)                \addtolength{\topmargin}{-2.49998pt}.

[2]
6. fejezet.
<docs/img/usecasediagram.png, id=43, 1244.39906pt x 950.80219pt>
File: docs/img/usecasediagram.png Graphic file (type png)
<use docs/img/usecasediagram.png>
Package pdftex.def Info: docs/img/usecasediagram.png  used on input line 10.
(pdftex.def)             Requested size: 455.24408pt x 347.8306pt.

Overfull \hbox (2.27618pt too wide) in paragraph at lines 10--10
 [][] 
 []


Underfull \vbox (badness 6808) has occurred while \output is active []

 [3

 <./docs/img/usecasediagram.png>]

LaTeX Font Warning: Font shape `OT1/cmr/bx/sc' undefined
(Font)              using `OT1/cmr/bx/n' instead on input line 21.


Underfull \hbox (badness 10000) in paragraph at lines 21--25
[]
 []


Underfull \hbox (badness 10000) in paragraph at lines 21--25

 []


Underfull \hbox (badness 10000) in paragraph at lines 32--36
[]
 []


Underfull \hbox (badness 10000) in paragraph at lines 32--36

 []


Underfull \hbox (badness 10000) in paragraph at lines 43--47
[]
 []


Underfull \hbox (badness 10000) in paragraph at lines 43--47

 []


Underfull \hbox (badness 10000) in paragraph at lines 54--58
[]
 []


Underfull \hbox (badness 10000) in paragraph at lines 54--58

 []


Underfull \hbox (badness 10000) in paragraph at lines 65--69
[]
 []


Underfull \hbox (badness 10000) in paragraph at lines 65--69

 []


Underfull \hbox (badness 10000) in paragraph at lines 76--80
[]
 []


Underfull \hbox (badness 10000) in paragraph at lines 76--80

 []


Underfull \hbox (badness 10000) in paragraph at lines 87--91
[]
 []


Underfull \hbox (badness 10000) in paragraph at lines 87--91

 []


Underfull \hbox (badness 10000) in paragraph at lines 98--102
[]
 []


Underfull \hbox (badness 10000) in paragraph at lines 98--102

 []


Underfull \vbox (badness 10000) has occurred while \output is active []



Package fancyhdr Warning: \headheight is too small (12.0pt): 
(fancyhdr)                Make it at least 15.71667pt, for example:
(fancyhdr)                \setlength{\headheight}{15.71667pt}.
(fancyhdr)                You might also make \topmargin smaller to compensate:
(fancyhdr)                \addtolength{\topmargin}{-3.71667pt}.

[4]
Underfull \hbox (badness 10000) in paragraph at lines 109--113
[]
 []


Underfull \hbox (badness 10000) in paragraph at lines 109--113

 []


Underfull \hbox (badness 10000) in paragraph at lines 120--124
[]
 []


Underfull \hbox (badness 10000) in paragraph at lines 120--124

 []


Underfull \hbox (badness 10000) in paragraph at lines 131--135
[]
 []


Underfull \hbox (badness 10000) in paragraph at lines 131--135

 []


Underfull \hbox (badness 10000) in paragraph at lines 142--146
[]
 []


Underfull \hbox (badness 10000) in paragraph at lines 142--146

 []


Underfull \hbox (badness 10000) in paragraph at lines 153--157
[]
 []


Underfull \hbox (badness 10000) in paragraph at lines 153--157

 []


Underfull \hbox (badness 10000) in paragraph at lines 164--168
[]
 []


Underfull \hbox (badness 10000) in paragraph at lines 164--168

 []


Underfull \hbox (badness 10000) in paragraph at lines 175--179
[]
 []


Underfull \hbox (badness 10000) in paragraph at lines 175--179

 []


Underfull \vbox (badness 3646) has occurred while \output is active []



Package fancyhdr Warning: \headheight is too small (12.0pt): 
(fancyhdr)                Make it at least 15.71667pt, for example:
(fancyhdr)                \setlength{\headheight}{15.71667pt}.
(fancyhdr)                You might also make \topmargin smaller to compensate:
(fancyhdr)                \addtolength{\topmargin}{-3.71667pt}.

[5]
Underfull \hbox (badness 10000) in paragraph at lines 186--190
[]
 []


Underfull \hbox (badness 10000) in paragraph at lines 186--190

 []


Underfull \hbox (badness 10000) in paragraph at lines 197--201
[]
 []


Underfull \hbox (badness 10000) in paragraph at lines 197--201

 []


Underfull \hbox (badness 10000) in paragraph at lines 208--212
[]
 []


Underfull \hbox (badness 10000) in paragraph at lines 208--212

 []


Underfull \hbox (badness 10000) in paragraph at lines 219--223
[]
 []


Underfull \hbox (badness 10000) in paragraph at lines 219--223

 []


Underfull \hbox (badness 10000) in paragraph at lines 230--234
[]
 []


Underfull \hbox (badness 10000) in paragraph at lines 230--234

 []


Underfull \hbox (badness 10000) in paragraph at lines 241--245
[]
 []


Underfull \hbox (badness 10000) in paragraph at lines 241--245

 []


Underfull \hbox (badness 10000) in paragraph at lines 252--256
[]
 []


Underfull \hbox (badness 10000) in paragraph at lines 252--256

 []


Underfull \vbox (badness 10000) has occurred while \output is active []



Package fancyhdr Warning: \headheight is too small (12.0pt): 
(fancyhdr)                Make it at least 15.71667pt, for example:
(fancyhdr)                \setlength{\headheight}{15.71667pt}.
(fancyhdr)                You might also make \topmargin smaller to compensate:
(fancyhdr)                \addtolength{\topmargin}{-3.71667pt}.

[6]
Underfull \hbox (badness 10000) in paragraph at lines 263--267
[]
 []


Underfull \hbox (badness 10000) in paragraph at lines 263--267

 []


Underfull \hbox (badness 10000) in paragraph at lines 274--278
[]
 []


Underfull \hbox (badness 10000) in paragraph at lines 274--278

 []


Underfull \hbox (badness 10000) in paragraph at lines 285--289
[]
 []


Underfull \hbox (badness 10000) in paragraph at lines 285--289

 []


Underfull \hbox (badness 10000) in paragraph at lines 296--300
[]
 []


Underfull \hbox (badness 10000) in paragraph at lines 296--300

 []


Underfull \hbox (badness 10000) in paragraph at lines 307--311
[]
 []


Underfull \hbox (badness 10000) in paragraph at lines 307--311

 []


Underfull \hbox (badness 10000) in paragraph at lines 318--322
[]
 []


Underfull \hbox (badness 10000) in paragraph at lines 318--322

 []


Underfull \hbox (badness 10000) in paragraph at lines 329--333
[]
 []


Underfull \hbox (badness 10000) in paragraph at lines 329--333

 []


Package fancyhdr Warning: \headheight is too small (12.0pt): 
(fancyhdr)                Make it at least 15.71667pt, for example:
(fancyhdr)                \setlength{\headheight}{15.71667pt}.
(fancyhdr)                You might also make \topmargin smaller to compensate:
(fancyhdr)                \addtolength{\topmargin}{-3.71667pt}.

[7]
Underfull \hbox (badness 10000) in paragraph at lines 340--344
[]
 []


Underfull \hbox (badness 10000) in paragraph at lines 340--344

 []


Underfull \hbox (badness 10000) in paragraph at lines 351--355
[]
 []


Underfull \hbox (badness 10000) in paragraph at lines 351--355

 []


Underfull \hbox (badness 10000) in paragraph at lines 362--366
[]
 []


Underfull \hbox (badness 10000) in paragraph at lines 362--366

 []


Underfull \hbox (badness 10000) in paragraph at lines 373--377
[]
 []


Underfull \hbox (badness 10000) in paragraph at lines 373--377

 []


Underfull \hbox (badness 10000) in paragraph at lines 384--388
[]
 []


Underfull \hbox (badness 10000) in paragraph at lines 384--388

 []


Package fancyhdr Warning: \headheight is too small (12.0pt): 
(fancyhdr)                Make it at least 15.71667pt, for example:
(fancyhdr)                \setlength{\headheight}{15.71667pt}.
(fancyhdr)                You might also make \topmargin smaller to compensate:
(fancyhdr)                \addtolength{\topmargin}{-3.71667pt}.

[8]
<docs/img/usecasesd/move.png, id=73, 746.03719pt x 380.92313pt>
File: docs/img/usecasesd/move.png Graphic file (type png)
<use docs/img/usecasesd/move.png>
Package pdftex.def Info: docs/img/usecasesd/move.png  used on input line 414.
(pdftex.def)             Requested size: 455.24408pt x 232.44412pt.

Overfull \hbox (2.27618pt too wide) in paragraph at lines 414--414
 [][] 
 []

<docs/img/usecasesd/randomlymove.png, id=74, 1032.85875pt x 530.73282pt>
File: docs/img/usecasesd/randomlymove.png Graphic file (type png)
<use docs/img/usecasesd/randomlymove.png>
Package pdftex.def Info: docs/img/usecasesd/randomlymove.png  used on input line 416.
(pdftex.def)             Requested size: 455.24408pt x 233.92807pt.

Overfull \hbox (2.27618pt too wide) in paragraph at lines 416--416
 [][] 
 []


LaTeX Warning: `h' float specifier changed to `ht'.

<docs/img/usecasesd/stealequipment.png, id=75, 790.45313pt x 324.46219pt>
File: docs/img/usecasesd/stealequipment.png Graphic file (type png)
<use docs/img/usecasesd/stealequipment.png>
Package pdftex.def Info: docs/img/usecasesd/stealequipment.png  used on input line 418.
(pdftex.def)             Requested size: 455.24408pt x 186.8663pt.

Overfull \hbox (2.27618pt too wide) in paragraph at lines 418--418
 [][] 
 []


LaTeX Warning: `h' float specifier changed to `ht'.

<docs/img/usecasesd/stealmaterials.png, id=76, 746.79pt x 308.65312pt>
File: docs/img/usecasesd/stealmaterials.png Graphic file (type png)
<use docs/img/usecasesd/stealmaterials.png>
Package pdftex.def Info: docs/img/usecasesd/stealmaterials.png  used on input line 420.
(pdftex.def)             Requested size: 455.24408pt x 188.15567pt.

Overfull \hbox (2.27618pt too wide) in paragraph at lines 420--420
 [][] 
 []


LaTeX Warning: `h' float specifier changed to `ht'.

<docs/img/usecasesd/cantstealequipment.png, id=77, 639.13782pt x 274.77657pt>
File: docs/img/usecasesd/cantstealequipment.png Graphic file (type png)
<use docs/img/usecasesd/cantstealequipment.png>
Package pdftex.def Info: docs/img/usecasesd/cantstealequipment.png  used on input line 422.
(pdftex.def)             Requested size: 455.24408pt x 195.71744pt.

Overfull \hbox (2.27618pt too wide) in paragraph at lines 422--422
 [][] 
 []


LaTeX Warning: `h' float specifier changed to `ht'.

<docs/img/usecasesd/cantstealmaterials.png, id=78, 501.37312pt x 216.05719pt>
File: docs/img/usecasesd/cantstealmaterials.png Graphic file (type png)
<use docs/img/usecasesd/cantstealmaterials.png>
Package pdftex.def Info: docs/img/usecasesd/cantstealmaterials.png  used on input line 424.
(pdftex.def)             Requested size: 455.24408pt x 196.18704pt.

Overfull \hbox (2.27618pt too wide) in paragraph at lines 424--424
 [][] 
 []


LaTeX Warning: `h' float specifier changed to `ht'.

<docs/img/usecasesd/infect.png, id=79, 1306.12968pt x 854.44218pt>
File: docs/img/usecasesd/infect.png Graphic file (type png)
<use docs/img/usecasesd/infect.png>
Package pdftex.def Info: docs/img/usecasesd/infect.png  used on input line 426.
(pdftex.def)             Requested size: 455.24408pt x 297.80762pt.

Overfull \hbox (2.27618pt too wide) in paragraph at lines 426--426
 [][] 
 []


LaTeX Warning: `h' float specifier changed to `ht'.

<docs/img/usecasesd/infectself.png, id=80, 992.20688pt x 746.79pt>
File: docs/img/usecasesd/infectself.png Graphic file (type png)
<use docs/img/usecasesd/infectself.png>
Package pdftex.def Info: docs/img/usecasesd/infectself.png  used on input line 428.
(pdftex.def)             Requested size: 455.24408pt x 342.63875pt.

Overfull \hbox (2.27618pt too wide) in paragraph at lines 428--428
 [][] 
 []


LaTeX Warning: `h' float specifier changed to `ht'.

<docs/img/usecasesd/infectprotectedbyagent.png, id=81, 1391.1975pt x 901.11656pt>
File: docs/img/usecasesd/infectprotectedbyagent.png Graphic file (type png)
<use docs/img/usecasesd/infectprotectedbyagent.png>
Package pdftex.def Info: docs/img/usecasesd/infectprotectedbyagent.png  used on input line 430.
(pdftex.def)             Requested size: 455.24408pt x 294.8669pt.

Overfull \hbox (2.27618pt too wide) in paragraph at lines 430--430
 [][] 
 []


LaTeX Warning: `h' float specifier changed to `ht'.

<docs/img/usecasesd/infectprotectedbycoatandnotexpired.png, id=82, 1391.95032pt x 938.75719pt>
File: docs/img/usecasesd/infectprotectedbycoatandnotexpired.png Graphic file (type png)
<use docs/img/usecasesd/infectprotectedbycoatandnotexpired.png>
Package pdftex.def Info: docs/img/usecasesd/infectprotectedbycoatandnotexpired.png  used on input line 432.
(pdftex.def)             Requested size: 455.24408pt x 307.02625pt.

Overfull \hbox (2.27618pt too wide) in paragraph at lines 432--432
 [][] 
 []


LaTeX Warning: `h' float specifier changed to `ht'.

<docs/img/usecasesd/infectprotectedbycoatandexpired.png, id=83, 1391.1975pt x 937.25156pt>
File: docs/img/usecasesd/infectprotectedbycoatandexpired.png Graphic file (type png)
<use docs/img/usecasesd/infectprotectedbycoatandexpired.png>
Package pdftex.def Info: docs/img/usecasesd/infectprotectedbycoatandexpired.png  used on input line 434.
(pdftex.def)             Requested size: 455.24408pt x 306.69113pt.

Overfull \hbox (2.27618pt too wide) in paragraph at lines 434--434
 [][] 
 []


LaTeX Warning: `h' float specifier changed to `ht'.

<docs/img/usecasesd/infectrepel.png, id=84, 1202.99437pt x 788.9475pt>
File: docs/img/usecasesd/infectrepel.png Graphic file (type png)
<use docs/img/usecasesd/infectrepel.png>
Package pdftex.def Info: docs/img/usecasesd/infectrepel.png  used on input line 436.
(pdftex.def)             Requested size: 455.24408pt x 298.5632pt.

Overfull \hbox (2.27618pt too wide) in paragraph at lines 436--436
 [][] 
 []


LaTeX Warning: `h' float specifier changed to `ht'.

<docs/img/usecasesd/infectnotprotectedbycoat.png, id=85, 1389.69188pt x 938.00438pt>
File: docs/img/usecasesd/infectnotprotectedbycoat.png Graphic file (type png)
<use docs/img/usecasesd/infectnotprotectedbycoat.png>
Package pdftex.def Info: docs/img/usecasesd/infectnotprotectedbycoat.png  used on input line 438.
(pdftex.def)             Requested size: 455.24408pt x 307.26666pt.

Overfull \hbox (2.27618pt too wide) in paragraph at lines 438--438
 [][] 
 []


LaTeX Warning: `h' float specifier changed to `ht'.

<docs/img/usecasesd/learngeneticcode.png, id=86, 995.97093pt x 621.07031pt>
File: docs/img/usecasesd/learngeneticcode.png Graphic file (type png)
<use docs/img/usecasesd/learngeneticcode.png>
Package pdftex.def Info: docs/img/usecasesd/learngeneticcode.png  used on input line 440.
(pdftex.def)             Requested size: 455.24408pt x 283.88574pt.

Overfull \hbox (2.27618pt too wide) in paragraph at lines 440--440
 [][] 
 []


LaTeX Warning: `h' float specifier changed to `ht'.

<docs/img/usecasesd/geneticcodeisalreadylearnt.png, id=87, 1181.16281pt x 747.54282pt>
File: docs/img/usecasesd/geneticcodeisalreadylearnt.png Graphic file (type png)
<use docs/img/usecasesd/geneticcodeisalreadylearnt.png>
Package pdftex.def Info: docs/img/usecasesd/geneticcodeisalreadylearnt.png  used on input line 442.
(pdftex.def)             Requested size: 455.24408pt x 288.11856pt.

Overfull \hbox (2.27618pt too wide) in paragraph at lines 442--442
 [][] 
 []


LaTeX Warning: `h' float specifier changed to `ht'.

<docs/img/usecasesd/learngeneticcodeandwin.png, id=88, 1181.91562pt x 843.90282pt>
File: docs/img/usecasesd/learngeneticcodeandwin.png Graphic file (type png)
<use docs/img/usecasesd/learngeneticcodeandwin.png>
Package pdftex.def Info: docs/img/usecasesd/learngeneticcodeandwin.png  used on input line 444.
(pdftex.def)             Requested size: 455.24408pt x 325.05167pt.

Overfull \hbox (2.27618pt too wide) in paragraph at lines 444--444
 [][] 
 []


LaTeX Warning: `h' float specifier changed to `ht'.

<docs/img/usecasesd/pickupmaterials.png, id=89, 1044.90375pt x 331.2375pt>
File: docs/img/usecasesd/pickupmaterials.png Graphic file (type png)
<use docs/img/usecasesd/pickupmaterials.png>
Package pdftex.def Info: docs/img/usecasesd/pickupmaterials.png  used on input line 446.
(pdftex.def)             Requested size: 455.24408pt x 144.31458pt.

Overfull \hbox (2.27618pt too wide) in paragraph at lines 446--446
 [][] 
 []


LaTeX Warning: `h' float specifier changed to `ht'.

<docs/img/usecasesd/materialslotsarefull.png, id=90, 1044.90375pt x 456.95718pt>
File: docs/img/usecasesd/materialslotsarefull.png Graphic file (type png)
<use docs/img/usecasesd/materialslotsarefull.png>
Package pdftex.def Info: docs/img/usecasesd/materialslotsarefull.png  used on input line 448.
(pdftex.def)             Requested size: 455.24408pt x 199.08853pt.

Overfull \hbox (2.27618pt too wide) in paragraph at lines 448--448
 [][] 
 []


LaTeX Warning: `h' float specifier changed to `ht'.

<docs/img/usecasesd/pickupequipment.png, id=91, 621.07031pt x 216.81pt>
File: docs/img/usecasesd/pickupequipment.png Graphic file (type png)
<use docs/img/usecasesd/pickupequipment.png>
Package pdftex.def Info: docs/img/usecasesd/pickupequipment.png  used on input line 450.
(pdftex.def)             Requested size: 455.24408pt x 158.9217pt.

Overfull \hbox (2.27618pt too wide) in paragraph at lines 450--450
 [][] 
 []


LaTeX Warning: `h' float specifier changed to `ht'.

<docs/img/usecasesd/equipmentslotsarefull.png, id=92, 697.8572pt x 304.88907pt>
File: docs/img/usecasesd/equipmentslotsarefull.png Graphic file (type png)
<use docs/img/usecasesd/equipmentslotsarefull.png>
Package pdftex.def Info: docs/img/usecasesd/equipmentslotsarefull.png  used on input line 452.
(pdftex.def)             Requested size: 455.24408pt x 198.89198pt.

Overfull \hbox (2.27618pt too wide) in paragraph at lines 452--452
 [][] 
 []


LaTeX Warning: `h' float specifier changed to `ht'.

<docs/img/usecasesd/dropmaterials.png, id=93, 856.70062pt x 350.05782pt>
File: docs/img/usecasesd/dropmaterials.png Graphic file (type png)
<use docs/img/usecasesd/dropmaterials.png>
Package pdftex.def Info: docs/img/usecasesd/dropmaterials.png  used on input line 454.
(pdftex.def)             Requested size: 455.24408pt x 186.01582pt.

Overfull \hbox (2.27618pt too wide) in paragraph at lines 454--454
 [][] 
 []


LaTeX Warning: `h' float specifier changed to `ht'.

<docs/img/usecasesd/makeinactiveagent.png, id=94, 940.26282pt x 871.00406pt>
File: docs/img/usecasesd/makeinactiveagent.png Graphic file (type png)
<use docs/img/usecasesd/makeinactiveagent.png>
Package pdftex.def Info: docs/img/usecasesd/makeinactiveagent.png  used on input line 456.
(pdftex.def)             Requested size: 455.24408pt x 421.70549pt.

Overfull \hbox (2.27618pt too wide) in paragraph at lines 456--456
 [][] 
 []


LaTeX Warning: `h' float specifier changed to `ht'.

<docs/img/usecasesd/inactiveagentslotsarefull.png, id=95, 399.74344pt x 216.05719pt>
File: docs/img/usecasesd/inactiveagentslotsarefull.png Graphic file (type png)
<use docs/img/usecasesd/inactiveagentslotsarefull.png>
Package pdftex.def Info: docs/img/usecasesd/inactiveagentslotsarefull.png  used on input line 458.
(pdftex.def)             Requested size: 227.62204pt x 123.02858pt.

LaTeX Warning: `h' float specifier changed to `ht'.

<docs/img/usecasesd/insufficientmaterialsforinactiveagent.png, id=96, 661.72218pt x 264.99pt>
File: docs/img/usecasesd/insufficientmaterialsforinactiveagent.png Graphic file (type png)
<use docs/img/usecasesd/insufficientmaterialsforinactiveagent.png>
Package pdftex.def Info: docs/img/usecasesd/insufficientmaterialsforinactiveagent.png  used on input line 460.
(pdftex.def)             Requested size: 455.24408pt x 182.30147pt.

Overfull \hbox (2.27618pt too wide) in paragraph at lines 460--460
 [][] 
 []


LaTeX Warning: `h' float specifier changed to `ht'.

<docs/img/usecasesd/agentstep.png, id=97, 873.2625pt x 353.06906pt>
File: docs/img/usecasesd/agentstep.png Graphic file (type png)
<use docs/img/usecasesd/agentstep.png>
Package pdftex.def Info: docs/img/usecasesd/agentstep.png  used on input line 462.
(pdftex.def)             Requested size: 455.24408pt x 184.06027pt.

Overfull \hbox (2.27618pt too wide) in paragraph at lines 462--462
 [][] 
 []


LaTeX Warning: `h' float specifier changed to `ht'.

<docs/img/usecasesd/inactiveagentstep.png, id=98, 1126.2075pt x 352.31625pt>
File: docs/img/usecasesd/inactiveagentstep.png Graphic file (type png)
<use docs/img/usecasesd/inactiveagentstep.png>
Package pdftex.def Info: docs/img/usecasesd/inactiveagentstep.png  used on input line 464.
(pdftex.def)             Requested size: 455.24408pt x 142.41312pt.

Overfull \hbox (2.27618pt too wide) in paragraph at lines 464--464
 [][] 
 []


LaTeX Warning: `h' float specifier changed to `ht'.

<docs/img/usecasesd/agentexpired.png, id=99, 1260.96094pt x 752.8125pt>
File: docs/img/usecasesd/agentexpired.png Graphic file (type png)
<use docs/img/usecasesd/agentexpired.png>
Package pdftex.def Info: docs/img/usecasesd/agentexpired.png  used on input line 466.
(pdftex.def)             Requested size: 455.24408pt x 271.78192pt.

Overfull \hbox (2.27618pt too wide) in paragraph at lines 466--466
 [][] 
 []


LaTeX Warning: `h' float specifier changed to `ht'.

<docs/img/usecasesd/inactiveagentexpired.png, id=100, 1549.28813pt x 565.36218pt>
File: docs/img/usecasesd/inactiveagentexpired.png Graphic file (type png)
<use docs/img/usecasesd/inactiveagentexpired.png>
Package pdftex.def Info: docs/img/usecasesd/inactiveagentexpired.png  used on input line 468.
(pdftex.def)             Requested size: 455.24408pt x 166.12476pt.

Overfull \hbox (2.27618pt too wide) in paragraph at lines 468--468
 [][] 
 []


LaTeX Warning: `h' float specifier changed to `ht'.

<docs/img/usecasesd/storagestep.png, id=101, 379.4175pt x 209.28188pt>
File: docs/img/usecasesd/storagestep.png Graphic file (type png)
<use docs/img/usecasesd/storagestep.png>
Package pdftex.def Info: docs/img/usecasesd/storagestep.png  used on input line 470.
(pdftex.def)             Requested size: 227.62204pt x 125.55411pt.

LaTeX Warning: `h' float specifier changed to `ht'.

<docs/img/usecasesd/generatematerial.png, id=102, 658.71094pt x 409.53pt>
File: docs/img/usecasesd/generatematerial.png Graphic file (type png)
<use docs/img/usecasesd/generatematerial.png>
Package pdftex.def Info: docs/img/usecasesd/generatematerial.png  used on input line 472.
(pdftex.def)             Requested size: 455.24408pt x 283.03842pt.

Overfull \hbox (2.27618pt too wide) in paragraph at lines 472--472
 [][] 
 []


LaTeX Warning: `h' float specifier changed to `ht'.

<docs/img/usecasesd/stopgeneratingmaterial.png, id=103, 380.92313pt x 207.02344pt>
File: docs/img/usecasesd/stopgeneratingmaterial.png Graphic file (type png)
<use docs/img/usecasesd/stopgeneratingmaterial.png>
Package pdftex.def Info: docs/img/usecasesd/stopgeneratingmaterial.png  used on input line 474.
(pdftex.def)             Requested size: 227.62204pt x 123.70642pt.

LaTeX Warning: `h' float specifier changed to `ht'.

<docs/img/usecasesd/shelterstep.png, id=104, 389.20406pt x 167.87718pt>
File: docs/img/usecasesd/shelterstep.png Graphic file (type png)
<use docs/img/usecasesd/shelterstep.png>
Package pdftex.def Info: docs/img/usecasesd/shelterstep.png  used on input line 476.
(pdftex.def)             Requested size: 227.62204pt x 98.18341pt.

LaTeX Warning: `h' float specifier changed to `ht'.

<docs/img/usecasesd/generateequipment.png, id=105, 697.8572pt x 465.99094pt>
File: docs/img/usecasesd/generateequipment.png Graphic file (type png)
<use docs/img/usecasesd/generateequipment.png>
Package pdftex.def Info: docs/img/usecasesd/generateequipment.png  used on input line 478.
(pdftex.def)             Requested size: 455.24408pt x 303.98552pt.

Overfull \hbox (2.27618pt too wide) in paragraph at lines 478--478
 [][] 
 []


LaTeX Warning: `h' float specifier changed to `ht'.

<docs/img/usecasesd/stopgeneratingequipment.png, id=106, 390.70969pt x 168.63pt>
File: docs/img/usecasesd/stopgeneratingequipment.png Graphic file (type png)
<use docs/img/usecasesd/stopgeneratingequipment.png>
Package pdftex.def Info: docs/img/usecasesd/stopgeneratingequipment.png  used on input line 480.
(pdftex.def)             Requested size: 227.62204pt x 98.24287pt.

LaTeX Warning: `h' float specifier changed to `ht'.

)

Package fancyhdr Warning: \headheight is too small (12.0pt): 
(fancyhdr)                Make it at least 15.71667pt, for example:
(fancyhdr)                \setlength{\headheight}{15.71667pt}.
(fancyhdr)                You might also make \topmargin smaller to compensate:
(fancyhdr)                \addtolength{\topmargin}{-3.71667pt}.

[9 <./docs/img/usecasesd/move.png>]

Package fancyhdr Warning: \headheight is too small (12.0pt): 
(fancyhdr)                Make it at least 15.71667pt, for example:
(fancyhdr)                \setlength{\headheight}{15.71667pt}.
(fancyhdr)                You might also make \topmargin smaller to compensate:
(fancyhdr)                \addtolength{\topmargin}{-3.71667pt}.

[10 <./docs/img/usecasesd/randomlymove.png> <./docs/img/usecasesd/stealequipment.png>]

Package fancyhdr Warning: \headheight is too small (12.0pt): 
(fancyhdr)                Make it at least 15.71667pt, for example:
(fancyhdr)                \setlength{\headheight}{15.71667pt}.
(fancyhdr)                You might also make \topmargin smaller to compensate:
(fancyhdr)                \addtolength{\topmargin}{-3.71667pt}.

[11 <./docs/img/usecasesd/stealmaterials.png> <./docs/img/usecasesd/cantstealequipment.png> <./docs/img/usecasesd/cantstealmaterials.png>]

Package fancyhdr Warning: \headheight is too small (12.0pt): 
(fancyhdr)                Make it at least 15.71667pt, for example:
(fancyhdr)                \setlength{\headheight}{15.71667pt}.
(fancyhdr)                You might also make \topmargin smaller to compensate:
(fancyhdr)                \addtolength{\topmargin}{-3.71667pt}.

[12 <./docs/img/usecasesd/infect.png> <./docs/img/usecasesd/infectself.png>]

Package fancyhdr Warning: \headheight is too small (12.0pt): 
(fancyhdr)                Make it at least 15.71667pt, for example:
(fancyhdr)                \setlength{\headheight}{15.71667pt}.
(fancyhdr)                You might also make \topmargin smaller to compensate:
(fancyhdr)                \addtolength{\topmargin}{-3.71667pt}.

[13 <./docs/img/usecasesd/infectprotectedbyagent.png> <./docs/img/usecasesd/infectprotectedbycoatandnotexpired.png>]

Package fancyhdr Warning: \headheight is too small (12.0pt): 
(fancyhdr)                Make it at least 15.71667pt, for example:
(fancyhdr)                \setlength{\headheight}{15.71667pt}.
(fancyhdr)                You might also make \topmargin smaller to compensate:
(fancyhdr)                \addtolength{\topmargin}{-3.71667pt}.

[14 <./docs/img/usecasesd/infectprotectedbycoatandexpired.png> <./docs/img/usecasesd/infectrepel.png>]

Package fancyhdr Warning: \headheight is too small (12.0pt): 
(fancyhdr)                Make it at least 15.71667pt, for example:
(fancyhdr)                \setlength{\headheight}{15.71667pt}.
(fancyhdr)                You might also make \topmargin smaller to compensate:
(fancyhdr)                \addtolength{\topmargin}{-3.71667pt}.

[15 <./docs/img/usecasesd/infectnotprotectedbycoat.png> <./docs/img/usecasesd/learngeneticcode.png>]

Package fancyhdr Warning: \headheight is too small (12.0pt): 
(fancyhdr)                Make it at least 15.71667pt, for example:
(fancyhdr)                \setlength{\headheight}{15.71667pt}.
(fancyhdr)                You might also make \topmargin smaller to compensate:
(fancyhdr)                \addtolength{\topmargin}{-3.71667pt}.

[16 <./docs/img/usecasesd/geneticcodeisalreadylearnt.png> <./docs/img/usecasesd/learngeneticcodeandwin.png>]

Package fancyhdr Warning: \headheight is too small (12.0pt): 
(fancyhdr)                Make it at least 15.71667pt, for example:
(fancyhdr)                \setlength{\headheight}{15.71667pt}.
(fancyhdr)                You might also make \topmargin smaller to compensate:
(fancyhdr)                \addtolength{\topmargin}{-3.71667pt}.

[17 <./docs/img/usecasesd/pickupmaterials.png> <./docs/img/usecasesd/materialslotsarefull.png> <./docs/img/usecasesd/pickupequipment.png>]

Package fancyhdr Warning: \headheight is too small (12.0pt): 
(fancyhdr)                Make it at least 15.71667pt, for example:
(fancyhdr)                \setlength{\headheight}{15.71667pt}.
(fancyhdr)                You might also make \topmargin smaller to compensate:
(fancyhdr)                \addtolength{\topmargin}{-3.71667pt}.

[18 <./docs/img/usecasesd/equipmentslotsarefull.png> <./docs/img/usecasesd/dropmaterials.png>]

Package fancyhdr Warning: \headheight is too small (12.0pt): 
(fancyhdr)                Make it at least 15.71667pt, for example:
(fancyhdr)                \setlength{\headheight}{15.71667pt}.
(fancyhdr)                You might also make \topmargin smaller to compensate:
(fancyhdr)                \addtolength{\topmargin}{-3.71667pt}.

[19 <./docs/img/usecasesd/makeinactiveagent.png> <./docs/img/usecasesd/inactiveagentslotsarefull.png>]

Package fancyhdr Warning: \headheight is too small (12.0pt): 
(fancyhdr)                Make it at least 15.71667pt, for example:
(fancyhdr)                \setlength{\headheight}{15.71667pt}.
(fancyhdr)                You might also make \topmargin smaller to compensate:
(fancyhdr)                \addtolength{\topmargin}{-3.71667pt}.

[20 <./docs/img/usecasesd/insufficientmaterialsforinactiveagent.png> <./docs/img/usecasesd/agentstep.png> <./docs/img/usecasesd/inactiveagentstep.png>]

Package fancyhdr Warning: \headheight is too small (12.0pt): 
(fancyhdr)                Make it at least 15.71667pt, for example:
(fancyhdr)                \setlength{\headheight}{15.71667pt}.
(fancyhdr)                You might also make \topmargin smaller to compensate:
(fancyhdr)                \addtolength{\topmargin}{-3.71667pt}.

[21 <./docs/img/usecasesd/agentexpired.png> <./docs/img/usecasesd/inactiveagentexpired.png> <./docs/img/usecasesd/storagestep.png>]

Package fancyhdr Warning: \headheight is too small (12.0pt): 
(fancyhdr)                Make it at least 15.71667pt, for example:
(fancyhdr)                \setlength{\headheight}{15.71667pt}.
(fancyhdr)                You might also make \topmargin smaller to compensate:
(fancyhdr)                \addtolength{\topmargin}{-3.71667pt}.

[22 <./docs/img/usecasesd/generatematerial.png> <./docs/img/usecasesd/stopgeneratingmaterial.png> <./docs/img/usecasesd/shelterstep.png>]

Package fancyhdr Warning: \headheight is too small (12.0pt): 
(fancyhdr)                Make it at least 15.71667pt, for example:
(fancyhdr)                \setlength{\headheight}{15.71667pt}.
(fancyhdr)                You might also make \topmargin smaller to compensate:
(fancyhdr)                \addtolength{\topmargin}{-3.71667pt}.

[23 <./docs/img/usecasesd/generateequipment.png> <./docs/img/usecasesd/stopgeneratingequipment.png>] (./projlab.aux)

LaTeX Font Warning: Some font shapes were not available, defaults substituted.

Package rerunfilecheck Info: File `projlab.out' has not changed.
(rerunfilecheck)             Checksum: D7C5820A9772DDB4DBC8A3BB0912B64A;1309.
 ) 
Here is how much of TeX's memory you used:
 17063 strings out of 478276
 265782 string characters out of 5850489
 564158 words of memory out of 5000000
 34965 multiletter control sequences out of 15000+600000
 481246 words of font info for 68 fonts, out of 8000000 for 9000
 1141 hyphenation exceptions out of 8191
 69i,13n,76p,421b,540s stack positions out of 5000i,500n,10000p,200000b,80000s
<c:/texlive/2021/texmf-dist/fonts/type1/public/amsfonts/cm/cmbx12.pfb><c:/texlive/2021/texmf-dist/fonts/type1/public/amsfonts/cm/cmcsc10.pfb><c:/texlive/2021/texmf-dist/fonts/type1/public/amsfonts/cm/cmr10.pfb><c:/texlive/2021/texmf-dist/fonts/type1/public/amsfonts/cm/cmr12.pfb><c:/texlive/2021/texmf-dist/fonts/type1/public/amsfonts/cm/cmr17.pfb><c:/texlive/2021/texmf-dist/fonts/type1/public/amsfonts/cm/cmtt12.pfb>
Output written on projlab.pdf (23 pages, 2172845 bytes).
PDF statistics:
 281 PDF objects out of 1000 (max. 8388607)
 171 compressed objects within 2 object streams
 65 named destinations out of 1000 (max. 500000)
 229 words of extra memory for PDF output out of 10000 (max. 10000000)

